<?xml version="1.0" encoding="UTF-8"?>
<!-- Generated by org.testng.reporters.JUnitXMLReporter -->
<testsuite ignored="0" hostname="LAPTOP-4RQVJNP4" failures="1" tests="1" name="Validating the title" time="19.018" errors="0" timestamp="2022-05-24T14:55:27 PDT">
  <testcase classname="Academy.EndtoEndproject.ValidateTitle" name="asserttxt" time="0.042">
    <failure type="java.lang.AssertionError" message="expected [FEATURED COUR123SSES] but found [FEATURED COURSES]">
      <![CDATA[java.lang.AssertionError: expected [FEATURED COUR123SSES] but found [FEATURED COURSES]
at Academy.EndtoEndproject.ValidateTitle.asserttxt(ValidateTitle.java:37)
at java.base/java.util.ArrayList.forEach(ArrayList.java:1511)
... Removed 31 stack frames]]>
    </failure>
  </testcase> <!-- asserttxt -->
</testsuite> <!-- Validating the title -->
