<?xml version="1.0" encoding="UTF-8"?>
<!-- Generated by org.testng.reporters.JUnitXMLReporter -->
<testsuite hostname="LAPTOP-4RQVJNP4" ignored="0" name="Validating Page Title" tests="1" failures="1" timestamp="2022-05-30T15:38:14 PDT" time="38.876" errors="0">
  <testcase name="asserttxt" time="0.001" classname="Academy.ValidateTitle">
    <failure type="java.lang.NullPointerException">
      <![CDATA[java.lang.NullPointerException
at Pageobjects.Landingpage.feature(Landingpage.java:35)
at Academy.ValidateTitle.asserttxt(ValidateTitle.java:37)
at java.util.ArrayList.forEach(ArrayList.java:1249)
at java.util.concurrent.FutureTask.run(FutureTask.java:266)
at java.util.concurrent.ThreadPoolExecutor.runWorker(ThreadPoolExecutor.java:1142)
at java.util.concurrent.ThreadPoolExecutor$Worker.run(ThreadPoolExecutor.java:617)
at java.lang.Thread.run(Thread.java:745)
... Removed 20 stack frames]]>
    </failure>
  </testcase> <!-- asserttxt -->
</testsuite> <!-- Validating Page Title -->
