<?xml version="1.0" encoding="UTF-8"?>
<!-- Generated by org.testng.reporters.JUnitXMLReporter -->
<testsuite ignored="0" hostname="LAPTOP-4RQVJNP4" failures="0" tests="4" name="Test" time="58.068" errors="0" timestamp="23 May 2022 22:20:19 GMT">
  <testcase classname="Academy.EndtoEndproject.ValidateNavigation" name="asserttxt" time="0.061"/>
  <testcase classname="Academy.EndtoEndproject.Homepage" name="basepagenavigate" time="0.421"/>
  <testcase classname="Academy.EndtoEndproject.Homepage" name="basepagenavigate" time="0.232"/>
  <testcase classname="Academy.EndtoEndproject.ValidateTitle" name="asserttxt" time="0.021"/>
</testsuite> <!-- Test -->
