<?xml version="1.0" encoding="UTF-8"?>
<testsuite xmlns:xsi="http://www.w3.org/2001/XMLSchema-instance" xsi:noNamespaceSchemaLocation="https://maven.apache.org/surefire/maven-surefire-plugin/xsd/surefire-test-report.xsd" name="TestSuite" time="62.714" tests="5" errors="0" skipped="0" failures="0">
  <properties>
[...]
</properties>
  <testcase name="asserttxt" classname="Academy.ValidateTitle" time="0.033"/>
  <testcase name="validateHeader" classname="Academy.ValidateTitle" time="0.028"/>
  <testcase name="asserttxt" classname="Academy.ValidateNavigation" time="0.039"/>
  <testcase name="basepagenavigate" classname="Academy.Homepage" time="6.227"/>
  <testcase name="basepagenavigate" classname="Academy.Homepage" time="6.185"/>
</testsuite>