<?xml version="1.0" encoding="UTF-8"?>
<testng-results ignored="0" total="2" passed="2" failed="0" skipped="0">
  <reporter-output>
  </reporter-output>
  <suite started-at="2022-06-29T15:04:33 PDT" name="Default suite" finished-at="2022-06-29T15:04:52 PDT" duration-ms="19403">
    <groups>
    </groups>
    <test started-at="2022-06-29T15:04:33 PDT" name="Default test" finished-at="2022-06-29T15:04:52 PDT" duration-ms="19403">
      <class name="Academy.ValidateTitle">
        <test-method is-config="true" signature="initialize()[pri:0, instance:Academy.ValidateTitle@62727399]" started-at="2022-06-29T15:04:33 PDT" name="initialize" finished-at="2022-06-29T15:04:52 PDT" duration-ms="19264" status="PASS">
          <reporter-output>
          </reporter-output>
        </test-method> <!-- initialize -->
        <test-method signature="asserttxt()[pri:0, instance:Academy.ValidateTitle@62727399]" started-at="2022-06-29T15:04:52 PDT" name="asserttxt" finished-at="2022-06-29T15:04:52 PDT" duration-ms="33" status="PASS">
          <reporter-output>
          </reporter-output>
        </test-method> <!-- asserttxt -->
        <test-method signature="validateHeader()[pri:0, instance:Academy.ValidateTitle@62727399]" started-at="2022-06-29T15:04:52 PDT" name="validateHeader" finished-at="2022-06-29T15:04:52 PDT" duration-ms="22" status="PASS">
          <reporter-output>
          </reporter-output>
        </test-method> <!-- validateHeader -->
        <test-method is-config="true" signature="close()[pri:0, instance:Academy.ValidateTitle@62727399]" started-at="2022-06-29T15:04:52 PDT" name="close" finished-at="2022-06-29T15:04:52 PDT" duration-ms="54" status="PASS">
          <reporter-output>
          </reporter-output>
        </test-method> <!-- close -->
      </class> <!-- Academy.ValidateTitle -->
    </test> <!-- Default test -->
  </suite> <!-- Default suite -->
</testng-results>
